<?xml version="1.0" encoding="UTF-8"?>
<!-- Generated by org.testng.reporters.JUnitReportReporter -->
<testsuite skipped="0" hostname="DESKTOP-0KO5QLA" name="rest.services" tests="2" failures="0" timestamp="01 Feb 2019 16:49:47 GMT" time="3.303" errors="0">
  <testcase name="teststatuscode" time="3.301" classname="rest.services"/>
  <testcase name="validatethefiel" time="0.002" classname="rest.services"/>
</testsuite> <!-- rest.services -->
